<?xml version="1.0" encoding="UTF-8" ?>
<testsuite errors="0" failures="0" hostname="SC-201508181612" name="test.ParametersTest" tests="3" time="0.125" timestamp="2015-11-03T12:48:35">
  <properties>
    <property name="java.vendor" value="Oracle Corporation" />
    <property name="env.USERDOMAIN_ROAMINGPROFILE" value="SC-201508181612" />
    <property name="sun.java.launcher" value="SUN_STANDARD" />
    <property name="sun.management.compiler" value="HotSpot 64-Bit Tiered Compilers" />
    <property name="env.CURR_DIR" value="D:\Program Files (x86)\HP\LoadRunner\dat\Setup\LoadRunner\MSBuild\..\..\..\.." />
    <property name="env.PROMPT" value="$P$G" />
    <property name="os.name" value="Windows 8.1" />
    <property name="sun.boot.class.path" value="D:\Program Files\Java\jdk1.7.0_55\jre\lib\resources.jar;D:\Program Files\Java\jdk1.7.0_55\jre\lib\rt.jar;D:\Program Files\Java\jdk1.7.0_55\jre\lib\sunrsasign.jar;D:\Program Files\Java\jdk1.7.0_55\jre\lib\jsse.jar;D:\Program Files\Java\jdk1.7.0_55\jre\lib\jce.jar;D:\Program Files\Java\jdk1.7.0_55\jre\lib\charsets.jar;D:\Program Files\Java\jdk1.7.0_55\jre\lib\jfr.jar;D:\Program Files\Java\jdk1.7.0_55\jre\classes" />
    <property name="env.COMPUTERNAME" value="SC-201508181612" />
    <property name="env.CommonProgramW6432" value="C:\Program Files\Common Files" />
    <property name="env.ALLUSERSPROFILE" value="C:\ProgramData" />
    <property name="sun.desktop" value="windows" />
    <property name="java.vm.specification.vendor" value="Oracle Corporation" />
    <property name="ant.home" value="D:\software\360Downloads\eclipse\plugins\org.apache.ant_1.8.4.v201303080030" />
    <property name="java.runtime.version" value="1.7.0_55-b13" />
    <property name="env.HOMEPATH" value="\Users\Administrator" />
    <property name="user.name" value="Administrator" />
    <property name="user.language" value="zh" />
    <property name="sun.boot.library.path" value="D:\Program Files\Java\jdk1.7.0_55\jre\bin" />
    <property name="env.LR_PATH" value="D:\Program Files (x86)\HP\LoadRunner\" />
    <property name="ant.project.default-target" value="ParametersTest" />
    <property name="ant.project.name" value="test" />
    <property name="java.version" value="1.7.0_55" />
    <property name="env.PROCESSOR_IDENTIFIER" value="Intel64 Family 6 Model 58 Stepping 9, GenuineIntel" />
    <property name="user.timezone" value="" />
    <property name="env.TEMP" value="C:\Users\Administrator\AppData\Local\Temp" />
    <property name="sun.arch.data.model" value="64" />
    <property name="java.endorsed.dirs" value="D:\Program Files\Java\jdk1.7.0_55\jre\lib\endorsed" />
    <property name="sun.cpu.isalist" value="amd64" />
    <property name="env.HOMEDRIVE" value="C:" />
    <property name="sun.jnu.encoding" value="GBK" />
    <property name="file.encoding.pkg" value="sun.io" />
    <property name="file.separator" value="\" />
    <property name="java.specification.name" value="Java Platform API Specification" />
    <property name="java.class.version" value="51.0" />
    <property name="user.country" value="CN" />
    <property name="java.home" value="D:\Program Files\Java\jdk1.7.0_55\jre" />
    <property name="env.PSModulePath" value="C:\windows\system32\WindowsPowerShell\v1.0\Modules\" />
    <property name="env.ANDROID_HOME" value="D:\software\360Downloads\sdk" />
    <property name="env.APPDATA" value="C:\Users\Administrator\AppData\Roaming" />
    <property name="env.PUBLIC" value="C:\Users\Public" />
    <property name="java.vm.info" value="mixed mode" />
    <property name="env.ComSpec" value="C:\windows\system32\cmd.exe" />
    <property name="env.OS" value="Windows_NT" />
    <property name="env.CommonProgramFiles" value="C:\Program Files\Common Files" />
    <property name="ant.file" value="D:\workspace\workspace\test\build.xml" />
    <property name="os.version" value="6.3" />
    <property name="env.ProgramW6432" value="C:\Program Files" />
    <property name="path.separator" value=";" />
    <property name="java.vm.version" value="24.55-b03" />
    <property name="env.VUGEN_PATH" value="D:\Program Files (x86)\HP\LoadRunner\" />
    <property name="user.variant" value="" />
    <property name="env.USERPROFILE" value="C:\Users\Administrator" />
    <property name="ant.library.dir" value="D:\software\360Downloads\eclipse\plugins\org.apache.ant_1.8.4.v201303080030\lib" />
    <property name="junit.output.dir" value="junit" />
    <property name="env.JAVA_HOME" value="D:\Program Files\Java\jdk1.7.0_55" />
    <property name="java.awt.printerjob" value="sun.awt.windows.WPrinterJob" />
    <property name="env.TERM" value="dumb" />
    <property name="env.TMP" value="C:\Users\Administrator\AppData\Local\Temp" />
    <property name="env.FPS_BROWSER_USER_PROFILE_STRING" value="Default" />
    <property name="sun.io.unicode.encoding" value="UnicodeLittle" />
    <property name="env.LG_PATH" value="D:\Program Files (x86)\HP\LoadRunner\" />
    <property name="awt.toolkit" value="sun.awt.windows.WToolkit" />
    <property name="user.script" value="" />
    <property name="env.FTP_PASSIVE" value="1" />
    <property name="user.home" value="C:\Users\Administrator" />
    <property name="target" value="1.7" />
    <property name="env.ANDROID_SDK_HOME" value="D:\software\360Downloads\sdk" />
    <property name="env.ProgramData" value="C:\ProgramData" />
    <property name="env.SESSIONNAME" value="Console" />
    <property name="env.ProgramFiles(x86)" value="C:\Program Files (x86)" />
    <property name="java.specification.vendor" value="Oracle Corporation" />
    <property name="env.CLASSPATH" value=".;D:\Program Files\Java\jdk1.7.0_55\lib\dt.jar;D:\Program Files\Java\jdk1.7.0_55\lib\tools.jar;" />
    <property name="env.NUMBER_OF_PROCESSORS" value="4" />
    <property name="java.library.path" value="D:\Program Files\Java\jdk1.7.0_55\jre\bin;C:\windows\Sun\Java\bin;C:\windows\system32;C:\windows;D:/Program Files/Java/jdk1.7.0_55/bin/../jre/bin/server;D:/Program Files/Java/jdk1.7.0_55/bin/../jre/bin;D:/Program Files/Java/jdk1.7.0_55/bin/../jre/lib/amd64;D:\Program Files\Java\jdk1.7.0_55\bin;D:\Program Files\Java\jdk1.7.0_55\jre\bin;C:\windows\system32;C:\windows;C:\windows\System32\Wbem;C:\windows\System32\WindowsPowerShell\v1.0\;D:\Program Files\TortoiseSVN\bin;C:\strawberry\c\bin;C:\strawberry\perl\bin;D:\software\360Downloads\eclipse;;." />
    <property name="java.vendor.url" value="http://java.oracle.com/" />
    <property name="env.LR_ROOT" value="D:\Program Files (x86)\HP\LoadRunner\" />
    <property name="java.vm.vendor" value="Oracle Corporation" />
    <property name="java.runtime.name" value="Java(TM) SE Runtime Environment" />
    <property name="ant.version" value="Apache Ant(TM) version 1.8.4 compiled on May 22 2012" />
    <property name="java.class.path" value="D:\workspace\workspace\test\bin;D:\workspace\workspace\test\libs\commons-beanutils.jar;D:\workspace\workspace\test\libs\commons-collections-3.2.jar;D:\workspace\workspace\test\libs\commons-httpclient.jar;D:\workspace\workspace\test\libs\commons-lang-2.6-sources.jar;D:\workspace\workspace\test\libs\commons-lang-2.6.jar;D:\workspace\workspace\test\libs\ezmorph-1.0.jar;D:\workspace\workspace\test\libs\json-lib-2.4-jdk15.jar;D:\workspace\workspace\test\libs\commons-codec-1.9.jar;D:\workspace\workspace\test\libs\commons-logging-1.2.jar;D:\workspace\workspace\test\libs\fluent-hc-4.5.1.jar;D:\workspace\workspace\test\libs\httpclient-4.5.1.jar;D:\workspace\workspace\test\libs\httpclient-cache-4.5.1.jar;D:\workspace\workspace\test\libs\httpclient-win-4.5.1.jar;D:\workspace\workspace\test\libs\httpcore-4.4.3.jar;D:\workspace\workspace\test\libs\httpmime-4.5.1.jar;D:\workspace\workspace\test\libs\jna-4.1.0.jar;D:\workspace\workspace\test\libs\jna-platform-4.1.0.jar;D:\workspace\workspace\test\libs\commons-lang3-3.4.jar;D:\software\360Downloads\eclipse\plugins\org.junit_4.11.0.v201303080030\junit.jar;D:\software\360Downloads\eclipse\plugins\org.hamcrest.core_1.3.0.v201303031735.jar;D:\workspace\workspace\test\libs\antlr-2.7.7.jar;D:\workspace\workspace\test\libs\antlr-runtime-3.3.jar;D:\workspace\workspace\test\libs\commons-codec-1.5.jar;D:\workspace\workspace\test\libs\contiperf-2.3.2.jar;D:\workspace\workspace\test\libs\databene-benerator-0.9.7.jar;D:\workspace\workspace\test\libs\databene-commons-0.5.33.jar;D:\workspace\workspace\test\libs\databene-script-0.7.22.jar;D:\workspace\workspace\test\libs\databene-webdecs-0.8.4.jar;D:\workspace\workspace\test\libs\dom4j-1.6.1.jar;D:\workspace\workspace\test\libs\feed4junit-1.1.22.jar;D:\workspace\workspace\test\libs\freemarker-2.3.20.jar;D:\workspace\workspace\test\libs\gson-2.2.2.jar;D:\workspace\workspace\test\libs\hamcrest-core-1.3.jar;D:\workspace\workspace\test\libs\hsqldb-1.8.0.7.jar;D:\workspace\workspace\test\libs\jdbacl-0.8.18.jar;D:\workspace\workspace\test\libs\junit-4.11.jar;D:\workspace\workspace\test\libs\poi-3.9.jar;D:\workspace\workspace\test\libs\poi-ooxml-3.9.jar;D:\workspace\workspace\test\libs\poi-ooxml-schemas-3.9.jar;D:\workspace\workspace\test\libs\slf4j-api-1.6.4.jar;D:\workspace\workspace\test\libs\stax-api-1.0.1.jar;D:\workspace\workspace\test\libs\stringtemplate-3.2.1.jar;D:\workspace\workspace\test\libs\validation-api-1.0.0.GA.jar;D:\workspace\workspace\test\libs\xercesImpl-2.9.1.jar;D:\workspace\workspace\test\libs\xml-apis-1.3.04.jar;D:\workspace\workspace\test\libs\xmlbeans-2.3.0.jar;D:\workspace\workspace\test\libs\slf4j-nop-1.7.12.jar;D:\workspace\workspace\test;D:\Program Files\Java\jdk1.7.0_55\lib\dt.jar;D:\Program Files\Java\jdk1.7.0_55\lib\tools.jar;D:\software\360Downloads\eclipse\plugins\org.apache.ant_1.8.4.v201303080030\lib\ant-launcher.jar;D:\software\360Downloads\eclipse\plugins\org.apache.ant_1.8.4.v201303080030\lib\ant.jar;D:\software\360Downloads\eclipse\plugins\org.apache.ant_1.8.4.v201303080030\lib\ant-junit.jar;D:\software\360Downloads\eclipse\plugins\org.apache.ant_1.8.4.v201303080030\lib\ant-junit4.jar" />
    <property name="sun.java.command" value="org.apache.tools.ant.taskdefs.optional.junit.JUnitTestRunner test.ParametersTest filtertrace=true haltOnError=false haltOnFailure=false formatter=org.apache.tools.ant.taskdefs.optional.junit.OutErrSummaryJUnitResultFormatter showoutput=false outputtoformatters=true logfailedtests=true logtestlistenerevents=false formatter=org.apache.tools.ant.taskdefs.optional.junit.XMLJUnitResultFormatter,D:\workspace\workspace\test\junit\TEST-test.ParametersTest.xml crashfile=D:\workspace\workspace\test\junitvmwatcher4893447754864124533.properties propsfile=D:\workspace\workspace\test\junit468468408047918073.properties" />
    <property name="java.vm.specification.name" value="Java Virtual Machine Specification" />
    <property name="env.LOGONSERVER" value="\\SC-201508181612" />
    <property name="env.windir" value="C:\windows" />
    <property name="env.PROCESSOR_ARCHITECTURE" value="AMD64" />
    <property name="java.vm.specification.version" value="1.7" />
    <property name="env.LOGGER_CONFIG_PATH" value="D:\Program Files (x86)\HP\LoadRunner\dat\ltlogconf.xml" />
    <property name="sun.cpu.endian" value="little" />
    <property name="sun.os.patch.level" value="" />
    <property name="debuglevel" value="source,lines,vars" />
    <property name="env.ProgramFiles" value="C:\Program Files" />
    <property name="env.ANT_HOME" value="D:\software\360Downloads\eclipse\plugins\org.apache.ant_1.8.4.v201303080030" />
    <property name="java.io.tmpdir" value="C:\Users\Administrator\AppData\Local\Temp\" />
    <property name="env.PROCESSOR_REVISION" value="3a09" />
    <property name="env.CommonProgramFiles(x86)" value="C:\Program Files (x86)\Common Files" />
    <property name="java.vendor.url.bug" value="http://bugreport.sun.com/bugreport/" />
    <property name="ant.file.test" value="D:\workspace\workspace\test\build.xml" />
    <property name="env.SystemRoot" value="C:\windows" />
    <property name="env.FPS_BROWSER_APP_PROFILE_STRING" value="Internet Explorer" />
    <property name="ant.file.type.test" value="file" />
    <property name="java.awt.graphicsenv" value="sun.awt.Win32GraphicsEnvironment" />
    <property name="os.arch" value="amd64" />
    <property name="java.ext.dirs" value="D:\Program Files\Java\jdk1.7.0_55\jre\lib\ext;C:\windows\Sun\Java\lib\ext" />
    <property name="env.LOCALAPPDATA" value="C:\Users\Administrator\AppData\Local" />
    <property name="user.dir" value="D:\workspace\workspace\test" />
    <property name="line.separator" value="&#xd;&#xa;" />
    <property name="java.vm.name" value="Java HotSpot(TM) 64-Bit Server VM" />
    <property name="env.PATHEXT" value=".COM;.EXE;.BAT;.CMD;.VBS;.VBE;.JS;.JSE;.WSF;.WSH;.MSC" />
    <property name="env.Path" value="D:/Program Files/Java/jdk1.7.0_55/bin/../jre/bin/server;D:/Program Files/Java/jdk1.7.0_55/bin/../jre/bin;D:/Program Files/Java/jdk1.7.0_55/bin/../jre/lib/amd64;D:\Program Files\Java\jdk1.7.0_55\bin;D:\Program Files\Java\jdk1.7.0_55\jre\bin;C:\windows\system32;C:\windows;C:\windows\System32\Wbem;C:\windows\System32\WindowsPowerShell\v1.0\;D:\Program Files\TortoiseSVN\bin;C:\strawberry\c\bin;C:\strawberry\perl\bin;D:\software\360Downloads\eclipse;" />
    <property name="basedir" value="D:\workspace\workspace\test" />
    <property name="ant.java.version" value="1.7" />
    <property name="ant.core.lib" value="D:\software\360Downloads\eclipse\plugins\org.apache.ant_1.8.4.v201303080030\lib\ant.jar" />
    <property name="env.USERNAME" value="Administrator" />
    <property name="source" value="1.7" />
    <property name="env.SystemDrive" value="C:" />
    <property name="file.encoding" value="GBK" />
    <property name="env.USERDOMAIN" value="SC-201508181612" />
    <property name="java.specification.version" value="1.7" />
    <property name="ant.project.invoked-targets" value="ParametersTest" />
    <property name="env.ANALYSIS_PATH" value="D:\Program Files (x86)\HP\LoadRunner\" />
    <property name="env.TARGETDIR" value="D:\Program Files (x86)\HP\LoadRunner\dat\Setup\LoadRunner\MSBuild\..\..\..\.." />
    <property name="env.LOG_FILE" value="C:\Users\Administrator\AppData\Local\Temp\ihp_custom_batches.log" />
    <property name="env.PROCESSOR_LEVEL" value="6" />
  </properties>
  <testcase classname="test.ParametersTest" name="testAdd_Excel[post, 1, 1, 2]" time="0.0" />
  <testcase classname="test.ParametersTest" name="testAdd_Excel[post, 3, 3, 6]" time="0.0" />
  <testcase classname="test.ParametersTest" name="testAdd_Excel[get, 5, 5, 0]" time="0.0" />
  <system-out><![CDATA[a的值:1,b的值:1,a+b=2
a的值:3,b的值:3,a+b=6
a的值:5,b的值:5,5-5=0
]]></system-out>
  <system-err><![CDATA[]]></system-err>
</testsuite>
